mode: set
github.com/chzyer/adrs/conf/config.go:27.46,29.38 2 1
github.com/chzyer/adrs/conf/config.go:33.2,34.16 2 1
github.com/chzyer/adrs/conf/config.go:37.2,38.16 2 1
github.com/chzyer/adrs/conf/config.go:41.2,42.16 2 1
github.com/chzyer/adrs/conf/config.go:46.2,53.15 2 1
github.com/chzyer/adrs/conf/config.go:29.38,31.3 1 0
github.com/chzyer/adrs/conf/config.go:34.16,36.3 1 0
github.com/chzyer/adrs/conf/config.go:38.16,40.3 1 0
github.com/chzyer/adrs/conf/config.go:42.16,44.3 1 0
github.com/chzyer/adrs/conf/config.go:57.80,59.25 2 1
github.com/chzyer/adrs/conf/config.go:68.2,68.23 1 1
github.com/chzyer/adrs/conf/config.go:59.25,60.24 1 1
github.com/chzyer/adrs/conf/config.go:60.24,62.18 2 1
github.com/chzyer/adrs/conf/config.go:65.4,65.42 1 1
github.com/chzyer/adrs/conf/config.go:62.18,64.5 1 0
github.com/chzyer/adrs/conf/config.go:71.110,74.38 3 1
github.com/chzyer/adrs/conf/config.go:82.2,82.20 1 1
github.com/chzyer/adrs/conf/config.go:74.38,75.34 1 1
github.com/chzyer/adrs/conf/config.go:75.34,77.11 2 1
github.com/chzyer/adrs/conf/config.go:77.11,79.5 1 0
github.com/chzyer/adrs/conf/config.go:85.76,87.34 2 1
github.com/chzyer/adrs/conf/config.go:95.2,95.34 1 1
github.com/chzyer/adrs/conf/config.go:103.2,103.37 1 1
github.com/chzyer/adrs/conf/config.go:111.2,111.26 1 1
github.com/chzyer/adrs/conf/config.go:87.34,88.72 1 1
github.com/chzyer/adrs/conf/config.go:88.72,90.4 1 0
github.com/chzyer/adrs/conf/config.go:90.4,92.4 1 1
github.com/chzyer/adrs/conf/config.go:95.34,96.72 1 1
github.com/chzyer/adrs/conf/config.go:96.72,98.4 1 0
github.com/chzyer/adrs/conf/config.go:98.4,100.4 1 1
github.com/chzyer/adrs/conf/config.go:103.37,104.75 1 1
github.com/chzyer/adrs/conf/config.go:104.75,106.4 1 0
github.com/chzyer/adrs/conf/config.go:106.4,108.4 1 1
github.com/chzyer/adrs/conf/parser.go:17.13,25.22 6 1
github.com/chzyer/adrs/conf/parser.go:30.2,32.22 1 1
github.com/chzyer/adrs/conf/parser.go:36.2,38.22 1 1
github.com/chzyer/adrs/conf/parser.go:42.2,44.22 1 1
github.com/chzyer/adrs/conf/parser.go:48.2,50.22 1 1
github.com/chzyer/adrs/conf/parser.go:25.22,27.4 1 0
github.com/chzyer/adrs/conf/parser.go:32.22,34.4 1 0
github.com/chzyer/adrs/conf/parser.go:38.22,40.4 1 1
github.com/chzyer/adrs/conf/parser.go:44.22,46.4 1 1
github.com/chzyer/adrs/conf/parser.go:50.22,52.4 1 1
github.com/chzyer/adrs/conf/parser.go:56.53,58.38 2 1
github.com/chzyer/adrs/conf/parser.go:62.2,63.15 2 1
github.com/chzyer/adrs/conf/parser.go:94.2,94.12 1 1
github.com/chzyer/adrs/conf/parser.go:58.38,60.3 1 1
github.com/chzyer/adrs/conf/parser.go:63.15,66.10 3 1
github.com/chzyer/adrs/conf/parser.go:70.3,71.30 2 1
github.com/chzyer/adrs/conf/parser.go:74.3,75.10 2 1
github.com/chzyer/adrs/conf/parser.go:79.3,80.15 2 1
github.com/chzyer/adrs/conf/parser.go:84.3,87.17 3 1
github.com/chzyer/adrs/conf/parser.go:91.3,92.35 2 1
github.com/chzyer/adrs/conf/parser.go:66.10,67.12 1 1
github.com/chzyer/adrs/conf/parser.go:71.30,73.4 1 1
github.com/chzyer/adrs/conf/parser.go:75.10,77.4 1 0
github.com/chzyer/adrs/conf/parser.go:80.15,82.4 1 0
github.com/chzyer/adrs/conf/parser.go:87.17,89.4 1 0
github.com/chzyer/adrs/conf/parser.go:102.44,103.17 1 1
github.com/chzyer/adrs/conf/parser.go:106.2,106.39 1 1
github.com/chzyer/adrs/conf/parser.go:109.2,109.18 1 0
github.com/chzyer/adrs/conf/parser.go:103.17,105.3 1 1
github.com/chzyer/adrs/conf/parser.go:106.39,108.3 1 1
github.com/chzyer/adrs/conf/parser.go:112.32,115.2 2 1
github.com/chzyer/adrs/conf/parser.go:117.62,119.15 2 1
github.com/chzyer/adrs/conf/parser.go:132.2,133.12 2 1
github.com/chzyer/adrs/conf/parser.go:119.15,121.21 2 1
github.com/chzyer/adrs/conf/parser.go:125.3,126.19 2 1
github.com/chzyer/adrs/conf/parser.go:129.3,129.60 1 1
github.com/chzyer/adrs/conf/parser.go:121.21,122.9 1 1
github.com/chzyer/adrs/conf/parser.go:126.19,128.4 1 0
github.com/chzyer/adrs/conf/parser.go:136.56,138.15 2 0
github.com/chzyer/adrs/conf/parser.go:147.2,149.16 3 0
github.com/chzyer/adrs/conf/parser.go:152.2,153.12 2 0
github.com/chzyer/adrs/conf/parser.go:138.15,140.21 2 0
github.com/chzyer/adrs/conf/parser.go:144.3,144.47 1 0
github.com/chzyer/adrs/conf/parser.go:140.21,141.9 1 0
github.com/chzyer/adrs/conf/parser.go:149.16,151.3 1 0
github.com/chzyer/adrs/conf/parser.go:156.59,158.15 2 0
github.com/chzyer/adrs/conf/parser.go:167.2,168.12 2 0
github.com/chzyer/adrs/conf/parser.go:158.15,160.21 2 0
github.com/chzyer/adrs/conf/parser.go:164.3,164.47 1 0
github.com/chzyer/adrs/conf/parser.go:160.21,161.9 1 0
github.com/chzyer/adrs/conf/parser.go:171.58,173.15 2 1
github.com/chzyer/adrs/conf/parser.go:182.2,183.12 2 1
github.com/chzyer/adrs/conf/parser.go:173.15,175.21 2 1
github.com/chzyer/adrs/conf/parser.go:179.3,179.47 1 1
github.com/chzyer/adrs/conf/parser.go:175.21,176.9 1 1
github.com/chzyer/adrs/conf/parser.go:186.61,190.15 4 1
github.com/chzyer/adrs/conf/parser.go:209.2,210.12 2 1
github.com/chzyer/adrs/conf/parser.go:190.15,192.21 2 1
github.com/chzyer/adrs/conf/parser.go:196.3,196.35 1 1
github.com/chzyer/adrs/conf/parser.go:203.3,203.16 1 1
github.com/chzyer/adrs/conf/parser.go:192.21,193.9 1 1
github.com/chzyer/adrs/conf/parser.go:196.35,200.12 4 1
github.com/chzyer/adrs/conf/parser.go:203.16,206.4 2 1
github.com/chzyer/adrs/dns/header.go:28.42,29.18 1 1
github.com/chzyer/adrs/dns/header.go:32.2,32.36 1 1
github.com/chzyer/adrs/dns/header.go:29.18,31.3 1 1
github.com/chzyer/adrs/dns/header.go:35.69,38.16 3 1
github.com/chzyer/adrs/dns/header.go:43.2,44.16 2 1
github.com/chzyer/adrs/dns/header.go:48.2,52.27 3 1
github.com/chzyer/adrs/dns/header.go:60.2,60.8 1 1
github.com/chzyer/adrs/dns/header.go:38.16,41.3 2 0
github.com/chzyer/adrs/dns/header.go:44.16,47.3 2 0
github.com/chzyer/adrs/dns/header.go:52.27,54.17 2 1
github.com/chzyer/adrs/dns/header.go:54.17,57.4 2 0
github.com/chzyer/adrs/dns/header.go:63.64,64.43 1 1
github.com/chzyer/adrs/dns/header.go:67.2,67.43 1 1
github.com/chzyer/adrs/dns/header.go:70.2,70.48 1 1
github.com/chzyer/adrs/dns/header.go:73.2,73.48 1 1
github.com/chzyer/adrs/dns/header.go:76.2,76.48 1 1
github.com/chzyer/adrs/dns/header.go:79.2,79.48 1 1
github.com/chzyer/adrs/dns/header.go:82.2,82.12 1 1
github.com/chzyer/adrs/dns/header.go:64.43,66.3 1 0
github.com/chzyer/adrs/dns/header.go:67.43,69.3 1 0
github.com/chzyer/adrs/dns/header.go:70.48,72.3 1 0
github.com/chzyer/adrs/dns/header.go:73.48,75.3 1 0
github.com/chzyer/adrs/dns/header.go:76.48,78.3 1 0
github.com/chzyer/adrs/dns/header.go:79.48,81.3 1 0
github.com/chzyer/adrs/dns/header.go:85.47,86.52 1 1
github.com/chzyer/adrs/dns/header.go:90.2,102.27 1 1
github.com/chzyer/adrs/dns/header.go:86.52,88.3 1 1
github.com/chzyer/adrs/dns/header_type.go:17.57,28.2 1 1
github.com/chzyer/adrs/dns/header_type.go:30.64,41.44 10 1
github.com/chzyer/adrs/dns/header_type.go:44.2,44.12 1 1
github.com/chzyer/adrs/dns/header_type.go:41.44,43.3 1 0
github.com/chzyer/adrs/dns/message.go:17.64,21.16 4 1
github.com/chzyer/adrs/dns/message.go:25.2,26.16 2 1
github.com/chzyer/adrs/dns/message.go:30.2,31.16 2 1
github.com/chzyer/adrs/dns/message.go:35.2,36.15 2 1
github.com/chzyer/adrs/dns/message.go:21.16,23.3 1 0
github.com/chzyer/adrs/dns/message.go:26.16,28.3 1 0
github.com/chzyer/adrs/dns/message.go:31.16,33.3 1 0
github.com/chzyer/adrs/dns/message.go:39.55,46.2 1 0
github.com/chzyer/adrs/dns/message.go:48.46,49.27 1 0
github.com/chzyer/adrs/dns/message.go:52.2,52.32 1 0
github.com/chzyer/adrs/dns/message.go:49.27,51.3 1 0
github.com/chzyer/adrs/dns/message.go:55.65,56.43 1 1
github.com/chzyer/adrs/dns/message.go:60.2,60.32 1 1
github.com/chzyer/adrs/dns/message.go:66.2,66.32 1 1
github.com/chzyer/adrs/dns/message.go:71.2,71.8 1 1
github.com/chzyer/adrs/dns/message.go:56.43,58.3 1 0
github.com/chzyer/adrs/dns/message.go:60.32,61.37 1 1
github.com/chzyer/adrs/dns/message.go:61.37,63.4 1 0
github.com/chzyer/adrs/dns/message.go:66.32,67.37 1 1
github.com/chzyer/adrs/dns/message.go:67.37,69.4 1 0
github.com/chzyer/adrs/dns/message.go:74.35,76.18 2 0
github.com/chzyer/adrs/dns/message.go:79.2,79.20 1 0
github.com/chzyer/adrs/dns/message.go:76.18,78.3 1 0
github.com/chzyer/adrs/dns/message.go:82.46,84.18 2 0
github.com/chzyer/adrs/dns/message.go:87.2,87.20 1 0
github.com/chzyer/adrs/dns/message.go:84.18,86.3 1 0
github.com/chzyer/adrs/dns/message.go:90.34,92.2 1 0
github.com/chzyer/adrs/dns/message.go:95.43,96.25 1 0
github.com/chzyer/adrs/dns/message.go:102.2,102.16 1 0
github.com/chzyer/adrs/dns/message.go:96.25,98.17 2 0
github.com/chzyer/adrs/dns/message.go:98.17,100.4 1 0
github.com/chzyer/adrs/dns/message.go:105.49,106.52 1 1
github.com/chzyer/adrs/dns/message.go:110.2,110.32 1 1
github.com/chzyer/adrs/dns/message.go:114.2,115.41 1 1
github.com/chzyer/adrs/dns/message.go:119.2,119.31 1 1
github.com/chzyer/adrs/dns/message.go:125.2,125.31 1 1
github.com/chzyer/adrs/dns/message.go:131.2,131.13 1 1
github.com/chzyer/adrs/dns/message.go:106.52,108.3 1 0
github.com/chzyer/adrs/dns/message.go:110.32,112.3 1 0
github.com/chzyer/adrs/dns/message.go:115.41,117.3 1 0
github.com/chzyer/adrs/dns/message.go:119.31,120.49 1 1
github.com/chzyer/adrs/dns/message.go:120.49,122.4 1 0
github.com/chzyer/adrs/dns/message.go:125.31,126.49 1 1
github.com/chzyer/adrs/dns/message.go:126.49,128.4 1 0
github.com/chzyer/adrs/dns/message.go:134.93,140.34 2 1
github.com/chzyer/adrs/dns/message.go:147.2,147.17 1 1
github.com/chzyer/adrs/dns/message.go:140.34,142.17 2 1
github.com/chzyer/adrs/dns/message.go:142.17,145.4 2 0
github.com/chzyer/adrs/dns/message.go:150.93,156.34 2 1
github.com/chzyer/adrs/dns/message.go:164.2,164.17 1 1
github.com/chzyer/adrs/dns/message.go:156.34,158.17 2 1
github.com/chzyer/adrs/dns/message.go:158.17,161.4 2 0
github.com/chzyer/adrs/dns/question.go:137.66,142.16 3 1
github.com/chzyer/adrs/dns/question.go:146.2,147.16 2 1
github.com/chzyer/adrs/dns/question.go:151.2,152.16 2 1
github.com/chzyer/adrs/dns/question.go:156.2,160.8 1 1
github.com/chzyer/adrs/dns/question.go:142.16,144.3 1 0
github.com/chzyer/adrs/dns/question.go:147.16,149.3 1 0
github.com/chzyer/adrs/dns/question.go:152.16,154.3 1 0
github.com/chzyer/adrs/dns/question.go:163.66,164.56 1 1
github.com/chzyer/adrs/dns/question.go:167.2,167.54 1 1
github.com/chzyer/adrs/dns/question.go:170.2,170.55 1 1
github.com/chzyer/adrs/dns/question.go:173.2,173.8 1 1
github.com/chzyer/adrs/dns/question.go:164.56,166.3 1 0
github.com/chzyer/adrs/dns/question.go:167.54,169.3 1 0
github.com/chzyer/adrs/dns/question.go:170.55,172.3 1 0
github.com/chzyer/adrs/dns/question.go:176.36,178.2 1 0
github.com/chzyer/adrs/dns/question.go:180.51,181.52 1 1
github.com/chzyer/adrs/dns/question.go:185.2,187.25 1 1
github.com/chzyer/adrs/dns/question.go:181.52,183.3 1 0
github.com/chzyer/adrs/dns/resource.go:74.66,76.16 2 1
github.com/chzyer/adrs/dns/resource.go:80.2,81.16 2 1
github.com/chzyer/adrs/dns/resource.go:85.2,86.16 2 1
github.com/chzyer/adrs/dns/resource.go:90.2,91.16 2 1
github.com/chzyer/adrs/dns/resource.go:94.2,97.16 3 1
github.com/chzyer/adrs/dns/resource.go:101.2,102.16 2 1
github.com/chzyer/adrs/dns/resource.go:107.2,115.8 1 1
github.com/chzyer/adrs/dns/resource.go:76.16,78.3 1 0
github.com/chzyer/adrs/dns/resource.go:81.16,83.3 1 0
github.com/chzyer/adrs/dns/resource.go:86.16,88.3 1 0
github.com/chzyer/adrs/dns/resource.go:91.16,93.3 1 0
github.com/chzyer/adrs/dns/resource.go:97.16,99.3 1 0
github.com/chzyer/adrs/dns/resource.go:102.16,104.3 1 0
github.com/chzyer/adrs/dns/resource.go:118.66,119.43 1 1
github.com/chzyer/adrs/dns/resource.go:123.2,123.45 1 1
github.com/chzyer/adrs/dns/resource.go:127.2,127.46 1 1
github.com/chzyer/adrs/dns/resource.go:131.2,132.42 2 1
github.com/chzyer/adrs/dns/resource.go:136.2,136.49 1 1
github.com/chzyer/adrs/dns/resource.go:140.2,140.44 1 1
github.com/chzyer/adrs/dns/resource.go:143.2,143.8 1 1
github.com/chzyer/adrs/dns/resource.go:119.43,121.3 1 0
github.com/chzyer/adrs/dns/resource.go:123.45,125.3 1 0
github.com/chzyer/adrs/dns/resource.go:127.46,129.3 1 0
github.com/chzyer/adrs/dns/resource.go:132.42,134.3 1 0
github.com/chzyer/adrs/dns/resource.go:136.49,138.3 1 0
github.com/chzyer/adrs/dns/resource.go:140.44,142.3 1 0
github.com/chzyer/adrs/dns/resource.go:146.51,147.52 1 1
github.com/chzyer/adrs/dns/resource.go:151.2,155.35 1 1
github.com/chzyer/adrs/dns/resource.go:147.52,149.3 1 0
github.com/chzyer/adrs/uninet/session.go:9.35,10.12 1 1
github.com/chzyer/adrs/uninet/session.go:18.2,18.18 1 0
github.com/chzyer/adrs/uninet/session.go:11.2,12.15 1 1
github.com/chzyer/adrs/uninet/session.go:13.2,14.15 1 1
github.com/chzyer/adrs/uninet/session.go:15.2,16.16 1 1
github.com/chzyer/adrs/uninet/session.go:36.51,40.2 1 1
github.com/chzyer/adrs/uninet/session.go:42.41,44.2 1 0
github.com/chzyer/adrs/uninet/session.go:46.40,48.2 1 0
github.com/chzyer/adrs/uninet/session.go:50.51,55.2 1 1
github.com/chzyer/adrs/uninet/session.go:63.66,69.2 1 1
github.com/chzyer/adrs/uninet/tcp.go:20.45,24.2 1 1
github.com/chzyer/adrs/uninet/tcp.go:26.51,28.16 2 0
github.com/chzyer/adrs/uninet/tcp.go:32.2,33.12 2 0
github.com/chzyer/adrs/uninet/tcp.go:28.16,30.3 1 0
github.com/chzyer/adrs/uninet/tcp.go:36.52,38.16 2 1
github.com/chzyer/adrs/uninet/tcp.go:41.2,41.31 1 1
github.com/chzyer/adrs/uninet/tcp.go:44.2,44.12 1 1
github.com/chzyer/adrs/uninet/tcp.go:38.16,40.3 1 0
github.com/chzyer/adrs/uninet/tcp.go:41.31,43.3 1 0
github.com/chzyer/adrs/uninet/tcp.go:58.51,60.16 2 1
github.com/chzyer/adrs/uninet/tcp.go:63.2,70.16 4 1
github.com/chzyer/adrs/uninet/tcp.go:60.16,62.3 1 0
github.com/chzyer/adrs/uninet/tcp.go:73.32,78.6 2 1
github.com/chzyer/adrs/uninet/tcp.go:78.6,80.17 2 1
github.com/chzyer/adrs/uninet/tcp.go:87.3,87.29 1 1
github.com/chzyer/adrs/uninet/tcp.go:80.17,81.26 1 1
github.com/chzyer/adrs/uninet/tcp.go:84.4,85.9 2 0
github.com/chzyer/adrs/uninet/tcp.go:81.26,82.10 1 1
github.com/chzyer/adrs/uninet/tcp.go:92.42,100.6 2 1
github.com/chzyer/adrs/uninet/tcp.go:100.6,103.27 3 1
github.com/chzyer/adrs/uninet/tcp.go:112.3,113.31 2 1
github.com/chzyer/adrs/uninet/tcp.go:118.3,119.15 2 1
github.com/chzyer/adrs/uninet/tcp.go:103.27,105.15 1 1
github.com/chzyer/adrs/uninet/tcp.go:108.4,109.9 2 1
github.com/chzyer/adrs/uninet/tcp.go:105.15,107.5 1 0
github.com/chzyer/adrs/uninet/tcp.go:113.31,116.9 3 0
github.com/chzyer/adrs/uninet/tcp.go:119.15,121.9 2 0
github.com/chzyer/adrs/uninet/tcp.go:126.37,128.2 1 1
github.com/chzyer/adrs/uninet/tcp.go:130.70,136.16 5 1
github.com/chzyer/adrs/uninet/tcp.go:141.2,141.28 1 1
github.com/chzyer/adrs/uninet/tcp.go:145.2,147.89 2 1
github.com/chzyer/adrs/uninet/tcp.go:136.16,139.3 2 0
github.com/chzyer/adrs/uninet/tcp.go:141.28,144.3 2 0
github.com/chzyer/adrs/uninet/tcp.go:150.77,153.16 3 1
github.com/chzyer/adrs/uninet/tcp.go:157.2,157.12 1 1
github.com/chzyer/adrs/uninet/tcp.go:153.16,155.3 1 0
github.com/chzyer/adrs/uninet/tcp.go:164.48,166.16 2 0
github.com/chzyer/adrs/uninet/tcp.go:169.2,173.15 3 0
github.com/chzyer/adrs/uninet/tcp.go:166.16,168.3 1 0
github.com/chzyer/adrs/uninet/tcp.go:176.53,177.44 1 0
github.com/chzyer/adrs/uninet/tcp.go:180.2,180.12 1 0
github.com/chzyer/adrs/uninet/tcp.go:177.44,179.3 1 0
github.com/chzyer/adrs/uninet/tcp.go:183.54,184.45 1 0
github.com/chzyer/adrs/uninet/tcp.go:187.2,187.12 1 0
github.com/chzyer/adrs/uninet/tcp.go:184.45,186.3 1 0
github.com/chzyer/adrs/uninet/tcp.go:190.35,192.2 1 0
github.com/chzyer/adrs/uninet/udp.go:19.45,28.2 1 1
github.com/chzyer/adrs/uninet/udp.go:30.51,32.16 2 1
github.com/chzyer/adrs/uninet/udp.go:36.2,37.12 2 1
github.com/chzyer/adrs/uninet/udp.go:32.16,34.3 1 0
github.com/chzyer/adrs/uninet/udp.go:40.70,42.16 2 1
github.com/chzyer/adrs/uninet/udp.go:46.2,47.33 2 1
github.com/chzyer/adrs/uninet/udp.go:42.16,44.3 1 1
github.com/chzyer/adrs/uninet/udp.go:50.52,52.16 2 1
github.com/chzyer/adrs/uninet/udp.go:55.2,55.19 1 1
github.com/chzyer/adrs/uninet/udp.go:58.2,58.12 1 1
github.com/chzyer/adrs/uninet/udp.go:52.16,54.3 1 0
github.com/chzyer/adrs/uninet/udp.go:55.19,57.3 1 0
github.com/chzyer/adrs/uninet/udp.go:61.75,63.16 2 1
github.com/chzyer/adrs/uninet/udp.go:66.2,66.19 1 1
github.com/chzyer/adrs/uninet/udp.go:69.2,69.12 1 1
github.com/chzyer/adrs/uninet/udp.go:63.16,65.3 1 0
github.com/chzyer/adrs/uninet/udp.go:66.19,68.3 1 0
github.com/chzyer/adrs/uninet/udp.go:76.37,78.2 1 1
github.com/chzyer/adrs/uninet/udp.go:80.51,82.16 2 1
github.com/chzyer/adrs/uninet/udp.go:85.2,86.16 2 1
github.com/chzyer/adrs/uninet/udp.go:90.2,93.15 2 1
github.com/chzyer/adrs/uninet/udp.go:82.16,84.3 1 0
github.com/chzyer/adrs/uninet/udp.go:86.16,88.3 1 0
github.com/chzyer/adrs/uninet/udp.go:96.71,98.2 1 1
github.com/chzyer/adrs/uninet/udp.go:100.70,102.16 2 1
github.com/chzyer/adrs/uninet/udp.go:105.2,105.21 1 1
github.com/chzyer/adrs/uninet/udp.go:102.16,104.3 1 1
github.com/chzyer/adrs/uninet/udp.go:112.48,114.16 2 1
github.com/chzyer/adrs/uninet/udp.go:117.2,121.15 3 1
github.com/chzyer/adrs/uninet/udp.go:114.16,116.3 1 0
github.com/chzyer/adrs/uninet/udp.go:124.53,126.2 1 1
github.com/chzyer/adrs/uninet/udp.go:128.54,130.2 1 1
github.com/chzyer/adrs/uninet/udp.go:132.35,134.2 1 1
github.com/chzyer/adrs/uninet/unidial.go:19.47,27.24 3 0
github.com/chzyer/adrs/uninet/unidial.go:42.2,42.16 1 0
github.com/chzyer/adrs/uninet/unidial.go:28.2,30.17 2 0
github.com/chzyer/adrs/uninet/unidial.go:33.2,35.17 2 0
github.com/chzyer/adrs/uninet/unidial.go:38.2,39.74 1 0
github.com/chzyer/adrs/uninet/unidial.go:30.17,32.4 1 0
github.com/chzyer/adrs/uninet/unidial.go:35.17,37.4 1 0
github.com/chzyer/adrs/uninet/unidial.go:45.57,46.19 1 0
github.com/chzyer/adrs/uninet/unidial.go:58.2,58.8 1 0
github.com/chzyer/adrs/uninet/unidial.go:47.2,49.17 2 0
github.com/chzyer/adrs/uninet/unidial.go:52.2,54.17 2 0
github.com/chzyer/adrs/uninet/unidial.go:49.17,51.4 1 0
github.com/chzyer/adrs/uninet/unidial.go:54.17,56.4 1 0
github.com/chzyer/adrs/uninet/unidial.go:61.58,62.19 1 0
github.com/chzyer/adrs/uninet/unidial.go:74.2,74.8 1 0
github.com/chzyer/adrs/uninet/unidial.go:63.2,65.17 2 0
github.com/chzyer/adrs/uninet/unidial.go:68.2,70.17 2 0
github.com/chzyer/adrs/uninet/unidial.go:65.17,67.4 1 0
github.com/chzyer/adrs/uninet/unidial.go:70.17,72.4 1 0
github.com/chzyer/adrs/uninet/unilistener.go:36.90,48.25 3 0
github.com/chzyer/adrs/uninet/unilistener.go:57.2,57.25 1 0
github.com/chzyer/adrs/uninet/unilistener.go:66.2,66.15 1 0
github.com/chzyer/adrs/uninet/unilistener.go:48.25,50.17 2 0
github.com/chzyer/adrs/uninet/unilistener.go:53.3,54.20 2 0
github.com/chzyer/adrs/uninet/unilistener.go:50.17,52.4 1 0
github.com/chzyer/adrs/uninet/unilistener.go:57.25,59.17 2 0
github.com/chzyer/adrs/uninet/unilistener.go:62.3,63.20 2 0
github.com/chzyer/adrs/uninet/unilistener.go:59.17,61.4 1 0
github.com/chzyer/adrs/uninet/unilistener.go:69.36,71.38 2 0
github.com/chzyer/adrs/uninet/unilistener.go:71.38,73.17 2 0
github.com/chzyer/adrs/uninet/unilistener.go:78.3,79.23 2 0
github.com/chzyer/adrs/uninet/unilistener.go:73.17,76.12 3 0
github.com/chzyer/adrs/uninet/unilistener.go:83.36,85.38 2 0
github.com/chzyer/adrs/uninet/unilistener.go:85.38,87.17 2 0
github.com/chzyer/adrs/uninet/unilistener.go:92.3,93.23 2 0
github.com/chzyer/adrs/uninet/unilistener.go:87.17,90.12 3 0
github.com/chzyer/adrs/uninet/unilistener.go:97.66,101.2 2 0
github.com/chzyer/adrs/uninet/unilistener.go:103.73,104.27 1 0
github.com/chzyer/adrs/uninet/unilistener.go:116.2,116.51 1 0
github.com/chzyer/adrs/uninet/unilistener.go:105.2,106.19 1 0
github.com/chzyer/adrs/uninet/unilistener.go:109.3,109.65 1 0
github.com/chzyer/adrs/uninet/unilistener.go:110.2,111.19 1 0
github.com/chzyer/adrs/uninet/unilistener.go:114.3,114.65 1 0
github.com/chzyer/adrs/uninet/unilistener.go:106.19,108.4 1 0
github.com/chzyer/adrs/uninet/unilistener.go:111.19,113.4 1 0
github.com/chzyer/adrs/uninet/unilistener.go:119.36,120.16 1 1
github.com/chzyer/adrs/uninet/unilistener.go:123.2,123.72 1 1
github.com/chzyer/adrs/uninet/unilistener.go:126.2,126.14 1 0
github.com/chzyer/adrs/uninet/unilistener.go:120.16,122.3 1 0
github.com/chzyer/adrs/uninet/unilistener.go:123.72,125.3 1 1
github.com/chzyer/adrs/uninet/url.go:25.50,27.2 1 1
github.com/chzyer/adrs/uninet/url.go:29.37,31.2 1 0
github.com/chzyer/adrs/uninet/url.go:32.36,34.2 1 1
github.com/chzyer/adrs/uninet/url.go:35.33,37.2 1 1
github.com/chzyer/adrs/uninet/url.go:38.35,40.2 1 0
github.com/chzyer/adrs/uninet/url.go:42.59,48.16 3 1
github.com/chzyer/adrs/uninet/url.go:53.2,54.69 2 1
github.com/chzyer/adrs/uninet/url.go:57.2,57.16 1 1
github.com/chzyer/adrs/uninet/url.go:62.2,62.25 1 1
github.com/chzyer/adrs/uninet/url.go:75.2,75.34 1 1
github.com/chzyer/adrs/uninet/url.go:84.2,86.17 2 1
github.com/chzyer/adrs/uninet/url.go:95.2,95.45 1 0
github.com/chzyer/adrs/uninet/url.go:48.16,50.3 1 1
github.com/chzyer/adrs/uninet/url.go:54.69,56.3 1 1
github.com/chzyer/adrs/uninet/url.go:57.16,59.3 1 1
github.com/chzyer/adrs/uninet/url.go:62.25,63.20 1 1
github.com/chzyer/adrs/uninet/url.go:64.3,65.21 1 1
github.com/chzyer/adrs/uninet/url.go:66.3,67.21 1 1
github.com/chzyer/adrs/uninet/url.go:68.3,69.22 1 1
github.com/chzyer/adrs/uninet/url.go:70.3,71.54 1 1
github.com/chzyer/adrs/uninet/url.go:75.34,76.18 1 1
github.com/chzyer/adrs/uninet/url.go:77.3,78.23 1 1
github.com/chzyer/adrs/uninet/url.go:79.3,80.23 1 1
github.com/chzyer/adrs/uninet/url.go:87.2,88.28 1 1
github.com/chzyer/adrs/uninet/url.go:89.2,90.28 1 1
github.com/chzyer/adrs/uninet/url.go:91.2,92.29 1 1
github.com/chzyer/adrs/uninet/url.go:99.40,101.2 1 1
github.com/chzyer/adrs/utils/pool.go:20.40,25.2 1 1
github.com/chzyer/adrs/utils/pool.go:27.39,38.2 3 1
github.com/chzyer/adrs/utils/pool.go:41.42,43.2 1 0
github.com/chzyer/adrs/utils/pool.go:45.44,47.2 1 0
github.com/chzyer/adrs/utils/pool.go:49.35,53.2 3 0
github.com/chzyer/adrs/utils/pool.go:56.42,59.2 2 1
github.com/chzyer/adrs/utils/pool.go:61.40,63.2 1 1
github.com/chzyer/adrs/utils/pool.go:65.24,69.2 3 1
github.com/chzyer/adrs/utils/pool.go:71.50,75.2 3 1
github.com/chzyer/adrs/utils/pool.go:77.36,79.2 1 0
github.com/chzyer/adrs/utils/pool.go:81.38,83.2 1 0
github.com/chzyer/adrs/utils/pool.go:85.27,86.16 1 1
github.com/chzyer/adrs/utils/pool.go:89.2,89.19 1 1
github.com/chzyer/adrs/utils/pool.go:93.2,95.19 3 1
github.com/chzyer/adrs/utils/pool.go:86.16,88.3 1 1
github.com/chzyer/adrs/utils/pool.go:89.19,91.3 1 0
github.com/chzyer/adrs/utils/pool.go:98.27,100.2 1 1
github.com/chzyer/adrs/utils/pool.go:102.32,103.29 1 1
github.com/chzyer/adrs/utils/pool.go:106.2,106.27 1 1
github.com/chzyer/adrs/utils/pool.go:103.29,105.3 1 0
github.com/chzyer/adrs/utils/pool.go:118.32,122.2 3 1
github.com/chzyer/adrs/utils/pool.go:124.44,126.2 1 1
github.com/chzyer/adrs/utils/pool.go:128.34,132.2 3 1
github.com/chzyer/adrs/utils/pool.go:134.35,136.2 1 1
github.com/chzyer/adrs/utils/record_reader.go:19.46,23.2 1 1
github.com/chzyer/adrs/utils/record_reader.go:25.39,27.2 1 1
github.com/chzyer/adrs/utils/record_reader.go:29.53,30.16 1 1
github.com/chzyer/adrs/utils/record_reader.go:33.2,34.15 2 1
github.com/chzyer/adrs/utils/record_reader.go:37.2,37.12 1 1
github.com/chzyer/adrs/utils/record_reader.go:30.16,32.3 1 1
github.com/chzyer/adrs/utils/record_reader.go:34.15,36.3 1 1
github.com/chzyer/adrs/utils/record_reader.go:40.52,44.2 3 1
github.com/chzyer/adrs/utils/record_reader.go:46.57,48.2 1 1
github.com/chzyer/adrs/utils/record_reader.go:50.52,51.37 1 1
github.com/chzyer/adrs/utils/record_reader.go:54.2,55.57 2 1
github.com/chzyer/adrs/utils/record_reader.go:51.37,53.3 1 1
github.com/chzyer/adrs/utils/record_reader.go:58.51,60.16 2 1
github.com/chzyer/adrs/utils/record_reader.go:63.2,63.22 1 1
github.com/chzyer/adrs/utils/record_reader.go:60.16,62.3 1 0
github.com/chzyer/adrs/utils/record_reader.go:66.53,68.16 2 1
github.com/chzyer/adrs/utils/record_reader.go:71.2,71.25 1 1
github.com/chzyer/adrs/utils/record_reader.go:68.16,70.3 1 1
github.com/chzyer/adrs/utils/record_reader.go:74.53,76.16 2 1
github.com/chzyer/adrs/utils/record_reader.go:79.2,79.25 1 1
github.com/chzyer/adrs/utils/record_reader.go:76.16,78.3 1 0
github.com/chzyer/adrs/utils/record_reader.go:82.49,84.16 2 1
github.com/chzyer/adrs/utils/record_reader.go:87.2,87.18 1 1
github.com/chzyer/adrs/utils/record_reader.go:84.16,86.3 1 1
github.com/chzyer/adrs/utils/record_reader.go:90.43,94.2 3 1
github.com/chzyer/adrs/utils/record_reader.go:96.45,100.2 3 1
github.com/chzyer/adrs/utils/record_reader.go:102.39,106.2 3 1
github.com/chzyer/adrs/utils/record_writer.go:14.46,18.2 1 0
github.com/chzyer/adrs/utils/record_writer.go:20.53,22.2 1 0
github.com/chzyer/adrs/utils/record_writer.go:24.50,26.16 2 0
github.com/chzyer/adrs/utils/record_writer.go:31.2,31.12 1 0
github.com/chzyer/adrs/utils/record_writer.go:26.16,28.3 1 0
github.com/chzyer/adrs/utils/record_writer.go:28.3,28.24 1 0
github.com/chzyer/adrs/utils/record_writer.go:28.24,30.3 1 0
github.com/chzyer/adrs/utils/record_writer.go:34.39,36.2 1 0
github.com/chzyer/adrs/utils/record_writer.go:38.50,39.37 1 0
github.com/chzyer/adrs/utils/record_writer.go:42.2,44.12 3 0
github.com/chzyer/adrs/utils/record_writer.go:39.37,41.3 1 0
github.com/chzyer/adrs/utils/record_writer.go:47.52,48.37 1 0
github.com/chzyer/adrs/utils/record_writer.go:51.2,53.12 3 0
github.com/chzyer/adrs/utils/record_writer.go:48.37,50.3 1 0
github.com/chzyer/adrs/utils/record_writer.go:56.52,57.37 1 0
github.com/chzyer/adrs/utils/record_writer.go:60.2,62.12 3 0
github.com/chzyer/adrs/utils/record_writer.go:57.37,59.3 1 0
github.com/chzyer/adrs/utils/record_writer.go:65.71,67.22 2 0
github.com/chzyer/adrs/utils/record_writer.go:77.2,77.39 1 0
github.com/chzyer/adrs/utils/record_writer.go:80.2,80.8 1 0
github.com/chzyer/adrs/utils/record_writer.go:67.22,68.58 1 0
github.com/chzyer/adrs/utils/record_writer.go:71.3,71.52 1 0
github.com/chzyer/adrs/utils/record_writer.go:68.58,70.4 1 0
github.com/chzyer/adrs/utils/record_writer.go:71.52,73.4 1 0
github.com/chzyer/adrs/utils/record_writer.go:73.4,73.31 1 0
github.com/chzyer/adrs/utils/record_writer.go:73.31,75.4 1 0
github.com/chzyer/adrs/utils/record_writer.go:77.39,79.3 1 0
github.com/chzyer/adrs/utils/utils.go:11.13,13.12 2 1
github.com/chzyer/adrs/utils/utils.go:13.12,14.48 1 1
github.com/chzyer/adrs/utils/utils.go:14.48,15.4 0 0
github.com/chzyer/adrs/utils/utils.go:19.22,21.2 1 0
github.com/chzyer/adrs/utils/utils.go:23.32,26.2 2 1
github.com/chzyer/adrs/utils/utils.go:28.41,29.22 1 1
github.com/chzyer/adrs/utils/utils.go:33.2,33.8 1 1
github.com/chzyer/adrs/utils/utils.go:29.22,32.3 2 1
github.com/chzyer/adrs/utils/utils.go:35.38,37.2 1 0
github.com/chzyer/adrs/utils/utils.go:39.40,41.26 2 0
github.com/chzyer/adrs/utils/utils.go:41.26,44.3 2 0
github.com/chzyer/adrs/utils/utils.go:47.40,49.26 2 0
github.com/chzyer/adrs/utils/utils.go:49.26,52.3 2 0
github.com/chzyer/adrs/utils/utils.go:55.41,56.22 1 1
github.com/chzyer/adrs/utils/utils.go:60.2,60.8 1 1
github.com/chzyer/adrs/utils/utils.go:56.22,59.3 2 1
github.com/chzyer/adrs/utils/utils.go:63.54,68.2 3 1
github.com/chzyer/adrs/utils/utils.go:70.43,72.17 2 0
github.com/chzyer/adrs/utils/utils.go:75.2,75.10 1 0
github.com/chzyer/adrs/utils/utils.go:72.17,74.3 1 0
github.com/chzyer/adrs/utils/utils.go:78.46,80.17 2 1
github.com/chzyer/adrs/utils/utils.go:83.2,83.14 1 1
github.com/chzyer/adrs/utils/utils.go:80.17,82.3 1 1
github.com/chzyer/adrs/utils/utils.go:86.39,87.24 1 1
github.com/chzyer/adrs/utils/utils.go:91.2,91.20 1 1
github.com/chzyer/adrs/utils/utils.go:96.2,96.13 1 1
github.com/chzyer/adrs/utils/utils.go:87.24,89.3 1 1
github.com/chzyer/adrs/utils/utils.go:91.20,92.21 1 1
github.com/chzyer/adrs/utils/utils.go:92.21,94.4 1 1
github.com/chzyer/adrs/utils/utils.go:99.57,106.6 2 1
github.com/chzyer/adrs/utils/utils.go:123.2,123.17 1 1
github.com/chzyer/adrs/utils/utils.go:106.6,108.17 2 1
github.com/chzyer/adrs/utils/utils.go:112.3,112.18 1 1
github.com/chzyer/adrs/utils/utils.go:116.3,117.17 2 1
github.com/chzyer/adrs/utils/utils.go:121.3,121.46 1 1
github.com/chzyer/adrs/utils/utils.go:108.17,110.4 1 1
github.com/chzyer/adrs/utils/utils.go:112.18,113.9 1 1
github.com/chzyer/adrs/utils/utils.go:117.17,119.4 1 1
